This file contains any messages produced by compilers while
running configure, to aid debugging if configure makes a mistake.

It was created by SoX configure 14.4.2, which was
generated by GNU Autoconf 2.69.  Invocation command line was

  $ ./sox-14.4.2/configure 

## --------- ##
## Platform. ##
## --------- ##

hostname = noah-mac
uname -m = x86_64
uname -r = 4.4.0-42-generic
uname -s = Linux
uname -v = #62~14.04.1-Ubuntu SMP Fri Oct 7 23:15:48 UTC 2016

/usr/bin/uname -p = unknown
/bin/uname -X     = unknown

/bin/arch              = unknown
/usr/bin/arch -k       = unknown
/usr/convex/getsysinfo = unknown
/usr/bin/hostinfo      = unknown
/bin/machine           = unknown
/usr/bin/oslevel       = unknown
/bin/universe          = unknown

PATH: /usr/local/sbin
PATH: /usr/local/bin
PATH: /usr/sbin
PATH: /usr/bin
PATH: /sbin
PATH: /bin
PATH: /usr/games
PATH: /usr/local/games


## ----------- ##
## Core tests. ##
## ----------- ##

configure:2609: checking build system type
configure:2623: result: x86_64-unknown-linux-gnu
configure:2643: checking host system type
configure:2656: result: x86_64-unknown-linux-gnu
configure:2676: checking target system type
configure:2689: result: x86_64-unknown-linux-gnu
configure:2732: checking for a BSD-compatible install
configure:2800: result: /usr/bin/install -c
configure:2811: checking whether build environment is sane
configure:2866: result: yes
configure:3017: checking for a thread-safe mkdir -p
configure:3056: result: /bin/mkdir -p
configure:3063: checking for gawk
configure:3093: result: no
configure:3063: checking for mawk
configure:3079: found /usr/bin/mawk
configure:3090: result: mawk
configure:3101: checking whether make sets $(MAKE)
configure:3123: result: yes
configure:3152: checking whether make supports nested variables
configure:3169: result: yes
configure:3186: error: source directory already configured; run "make distclean" there first

## ---------------- ##
## Cache variables. ##
## ---------------- ##

ac_cv_build=x86_64-unknown-linux-gnu
ac_cv_env_CC_set=
ac_cv_env_CC_value=
ac_cv_env_CFLAGS_set=
ac_cv_env_CFLAGS_value=
ac_cv_env_CPPFLAGS_set=
ac_cv_env_CPPFLAGS_value=
ac_cv_env_CPP_set=
ac_cv_env_CPP_value=
ac_cv_env_LDFLAGS_set=
ac_cv_env_LDFLAGS_value=
ac_cv_env_LIBS_set=
ac_cv_env_LIBS_value=
ac_cv_env_OPUS_CFLAGS_set=
ac_cv_env_OPUS_CFLAGS_value=
ac_cv_env_OPUS_LIBS_set=
ac_cv_env_OPUS_LIBS_value=
ac_cv_env_PKG_CONFIG_LIBDIR_set=
ac_cv_env_PKG_CONFIG_LIBDIR_value=
ac_cv_env_PKG_CONFIG_PATH_set=
ac_cv_env_PKG_CONFIG_PATH_value=
ac_cv_env_PKG_CONFIG_set=
ac_cv_env_PKG_CONFIG_value=
ac_cv_env_SNDFILE_CFLAGS_set=
ac_cv_env_SNDFILE_CFLAGS_value=
ac_cv_env_SNDFILE_LIBS_set=
ac_cv_env_SNDFILE_LIBS_value=
ac_cv_env_build_alias_set=
ac_cv_env_build_alias_value=
ac_cv_env_host_alias_set=
ac_cv_env_host_alias_value=
ac_cv_env_target_alias_set=
ac_cv_env_target_alias_value=
ac_cv_host=x86_64-unknown-linux-gnu
ac_cv_path_install='/usr/bin/install -c'
ac_cv_path_mkdir=/bin/mkdir
ac_cv_prog_AWK=mawk
ac_cv_prog_make_make_set=yes
ac_cv_target=x86_64-unknown-linux-gnu
am_cv_make_support_nested_variables=yes

## ----------------- ##
## Output variables. ##
## ----------------- ##

ACLOCAL=''
ALSA_CFLAGS=''
ALSA_LIBS=''
AMDEPBACKSLASH=''
AMDEP_FALSE=''
AMDEP_TRUE=''
AMRNB_CFLAGS=''
AMRNB_LIBS=''
AMRWB_CFLAGS=''
AMRWB_LIBS=''
AMTAR=''
AM_BACKSLASH='\'
AM_DEFAULT_V='$(AM_DEFAULT_VERBOSITY)'
AM_DEFAULT_VERBOSITY='1'
AM_V='$(V)'
AO_CFLAGS=''
AO_LIBS=''
APP_LDFLAGS=''
AR=''
AS=''
AUTOCONF=''
AUTOHEADER=''
AUTOMAKE=''
AWK='mawk'
CC=''
CCDEPMODE=''
CFLAGS=''
COREAUDIO_CFLAGS=''
COREAUDIO_LIBS=''
CPP=''
CPPFLAGS=''
CYGPATH_W=''
DEFS=''
DEPDIR=''
DISTRO=''
DLLTOOL=''
DSYMUTIL=''
DUMPBIN=''
ECHO_C=''
ECHO_N='-n'
ECHO_T=''
EGREP=''
EXEEXT=''
EXTERNAL_GSM_FALSE=''
EXTERNAL_GSM_TRUE=''
EXTERNAL_LPC10_FALSE=''
EXTERNAL_LPC10_TRUE=''
FGREP=''
FLAC_CFLAGS=''
FLAC_LIBS=''
GOMP_LIBS=''
GREP=''
GSM_CFLAGS=''
GSM_LIBS=''
HAVE_ALSA_FALSE=''
HAVE_ALSA_TRUE=''
HAVE_AMRNB_FALSE=''
HAVE_AMRNB_TRUE=''
HAVE_AMRWB_FALSE=''
HAVE_AMRWB_TRUE=''
HAVE_AO_FALSE=''
HAVE_AO_TRUE=''
HAVE_COREAUDIO_FALSE=''
HAVE_COREAUDIO_TRUE=''
HAVE_DISTRO_FALSE=''
HAVE_DISTRO_TRUE=''
HAVE_FLAC_FALSE=''
HAVE_FLAC_TRUE=''
HAVE_GSM_FALSE=''
HAVE_GSM_TRUE=''
HAVE_ID3TAG_FALSE=''
HAVE_ID3TAG_TRUE=''
HAVE_LIBLTDL_FALSE=''
HAVE_LIBLTDL_TRUE=''
HAVE_LPC10_FALSE=''
HAVE_LPC10_TRUE=''
HAVE_MAGIC_FALSE=''
HAVE_MAGIC_TRUE=''
HAVE_MP3_FALSE=''
HAVE_MP3_TRUE=''
HAVE_OGG_VORBIS_FALSE=''
HAVE_OGG_VORBIS_TRUE=''
HAVE_OPUS_FALSE=''
HAVE_OPUS_TRUE=''
HAVE_OSS_FALSE=''
HAVE_OSS_TRUE=''
HAVE_PKGCONFIG_FALSE=''
HAVE_PKGCONFIG_TRUE=''
HAVE_PNG_FALSE=''
HAVE_PNG_TRUE=''
HAVE_PULSEAUDIO_FALSE=''
HAVE_PULSEAUDIO_TRUE=''
HAVE_SNDFILE_FALSE=''
HAVE_SNDFILE_TRUE=''
HAVE_SNDIO_FALSE=''
HAVE_SNDIO_TRUE=''
HAVE_SUN_AUDIO_FALSE=''
HAVE_SUN_AUDIO_TRUE=''
HAVE_WAVEAUDIO_FALSE=''
HAVE_WAVEAUDIO_TRUE=''
HAVE_WAVPACK_FALSE=''
HAVE_WAVPACK_TRUE=''
HAVE_WIN32_GLOB_FALSE=''
HAVE_WIN32_GLOB_TRUE=''
HAVE_WIN32_LTDL_FALSE=''
HAVE_WIN32_LTDL_TRUE=''
INSTALL_DATA='${INSTALL} -m 644'
INSTALL_PROGRAM='${INSTALL}'
INSTALL_SCRIPT='${INSTALL}'
INSTALL_STRIP_PROGRAM='$(install_sh) -c -s'
LADSPA_PATH=''
LD=''
LDFLAGS=''
LIBGSM_LIBADD=''
LIBLPC10_LIBADD=''
LIBLTDL=''
LIBOBJS=''
LIBS=''
LIBTOOL=''
LIBTOOLFLAGS=''
LIBTOOL_DEPS=''
LIPO=''
LN_S=''
LPC10_CFLAGS=''
LPC10_LIBS=''
LTLIBOBJS=''
MAGIC_LIBS=''
MAKEINFO=''
MANIFEST_TOOL=''
MKDIR_P='/bin/mkdir -p'
MP3_CFLAGS=''
MP3_LIBS=''
NM=''
NMEDIT=''
OBJDUMP=''
OBJEXT=''
OGG_VORBIS_CFLAGS=''
OGG_VORBIS_LIBS=''
OPENMP_CFLAGS=''
OPUS_CFLAGS=''
OPUS_LIBS=''
OSS_CFLAGS=''
OSS_LIBS=''
OTOOL64=''
OTOOL=''
PACKAGE=''
PACKAGE_BUGREPORT='sox-devel@lists.sourceforge.net'
PACKAGE_NAME='SoX'
PACKAGE_STRING='SoX 14.4.2'
PACKAGE_TARNAME='sox'
PACKAGE_URL=''
PACKAGE_VERSION='14.4.2'
PATH_SEPARATOR=':'
PKGCONFIGDIR=''
PKG_CONFIG=''
PKG_CONFIG_LIBDIR=''
PKG_CONFIG_PATH=''
PLAYRECLINKS=''
PNG_LIBS=''
PULSEAUDIO_CFLAGS=''
PULSEAUDIO_LIBS=''
RANLIB=''
SED=''
SET_MAKE=''
SHELL='/bin/bash'
SHLIB_VERSION=''
SNDFILE_CFLAGS=''
SNDFILE_LIBS=''
SNDIO_CFLAGS=''
SNDIO_LIBS=''
STATIC_ALSA_FALSE=''
STATIC_ALSA_TRUE=''
STATIC_AMRNB_FALSE=''
STATIC_AMRNB_TRUE=''
STATIC_AMRWB_FALSE=''
STATIC_AMRWB_TRUE=''
STATIC_AO_FALSE=''
STATIC_AO_TRUE=''
STATIC_COREAUDIO_FALSE=''
STATIC_COREAUDIO_TRUE=''
STATIC_FLAC_FALSE=''
STATIC_FLAC_TRUE=''
STATIC_GSM_FALSE=''
STATIC_GSM_TRUE=''
STATIC_LIBSOX_ONLY_FALSE=''
STATIC_LIBSOX_ONLY_TRUE=''
STATIC_LPC10_FALSE=''
STATIC_LPC10_TRUE=''
STATIC_MP3_FALSE=''
STATIC_MP3_TRUE=''
STATIC_OGG_VORBIS_FALSE=''
STATIC_OGG_VORBIS_TRUE=''
STATIC_OPUS_FALSE=''
STATIC_OPUS_TRUE=''
STATIC_OSS_FALSE=''
STATIC_OSS_TRUE=''
STATIC_PULSEAUDIO_FALSE=''
STATIC_PULSEAUDIO_TRUE=''
STATIC_SNDFILE_FALSE=''
STATIC_SNDFILE_TRUE=''
STATIC_SNDIO_FALSE=''
STATIC_SNDIO_TRUE=''
STATIC_SUN_AUDIO_FALSE=''
STATIC_SUN_AUDIO_TRUE=''
STATIC_WAVEAUDIO_FALSE=''
STATIC_WAVEAUDIO_TRUE=''
STATIC_WAVPACK_FALSE=''
STATIC_WAVPACK_TRUE=''
STRIP=''
SUN_AUDIO_CFLAGS=''
SUN_AUDIO_LIBS=''
SYMLINKS=''
VERSION=''
WARN_CFLAGS=''
WAVEAUDIO_CFLAGS=''
WAVEAUDIO_LIBS=''
WAVPACK_CFLAGS=''
WAVPACK_LIBS=''
ac_ct_AR=''
ac_ct_CC=''
ac_ct_DUMPBIN=''
am__EXEEXT_FALSE=''
am__EXEEXT_TRUE=''
am__fastdepCC_FALSE=''
am__fastdepCC_TRUE=''
am__include=''
am__isrc=' -I$(srcdir)'
am__leading_dot='.'
am__nodep=''
am__quote=''
am__tar=''
am__untar=''
bindir='${exec_prefix}/bin'
build='x86_64-unknown-linux-gnu'
build_alias=''
build_cpu='x86_64'
build_os='linux-gnu'
build_vendor='unknown'
datadir='${datarootdir}'
datarootdir='${prefix}/share'
docdir='${datarootdir}/doc/${PACKAGE_TARNAME}'
dvidir='${docdir}'
exec_prefix='NONE'
host='x86_64-unknown-linux-gnu'
host_alias=''
host_cpu='x86_64'
host_os='linux-gnu'
host_vendor='unknown'
htmldir='${docdir}'
includedir='${prefix}/include'
infodir='${datarootdir}/info'
install_sh='${SHELL} /home/noah-pena/Projects/Multi-Effect-Guitar-Pedal/sox-14.4.2/install-sh'
libdir='${exec_prefix}/lib'
libexecdir='${exec_prefix}/libexec'
localedir='${datarootdir}/locale'
localstatedir='${prefix}/var'
mandir='${datarootdir}/man'
mkdir_p=''
oldincludedir='/usr/include'
pdfdir='${docdir}'
prefix='NONE'
program_transform_name='s,x,x,'
psdir='${docdir}'
sbindir='${exec_prefix}/sbin'
sharedstatedir='${prefix}/com'
sysconfdir='${prefix}/etc'
target='x86_64-unknown-linux-gnu'
target_alias=''
target_cpu='x86_64'
target_os='linux-gnu'
target_vendor='unknown'

## ----------- ##
## confdefs.h. ##
## ----------- ##

/* confdefs.h */
#define PACKAGE_NAME "SoX"
#define PACKAGE_TARNAME "sox"
#define PACKAGE_VERSION "14.4.2"
#define PACKAGE_STRING "SoX 14.4.2"
#define PACKAGE_BUGREPORT "sox-devel@lists.sourceforge.net"
#define PACKAGE_URL ""

configure: exit 1
